<?xml version="1.0" encoding="UTF-8"?>
<!-- Generated by org.testng.reporters.JUnitReportReporter -->
<testsuite hostname="dell-PC" name="com.crm.qa.base.HomePageTest" tests="3" failures="0" timestamp="14 Mar 2018 20:06:30 GMT" time="42.290" errors="0">
  <testcase name="verifyContactsLinkTest" time="15.753" classname="com.crm.qa.base.HomePageTest"/>
  <testcase name="verifyHomePageTitleTest" time="13.321" classname="com.crm.qa.base.HomePageTest"/>
  <testcase name="verifyUserNameTest" time="13.216" classname="com.crm.qa.base.HomePageTest"/>
</testsuite> <!-- com.crm.qa.base.HomePageTest -->
