<?xml version="1.0" encoding="UTF-8"?>
<!-- Generated by org.testng.reporters.JUnitReportReporter -->
<testsuite hostname="ADMINIB-LOV72NR" failures="0" tests="1" name="com.crm.qa.testcases.ContactsPageTest" time="26.361" errors="0" timestamp="20 Mar 2018 05:53:25 GMT">
  <testcase classname="com.crm.qa.testcases.ContactsPageTest" name="verifyContactsPageLabel" time="26.361"/>
</testsuite> <!-- com.crm.qa.testcases.ContactsPageTest -->
