<?xml version="1.0" encoding="UTF-8"?>
<!-- Generated by org.testng.reporters.JUnitReportReporter -->
<testsuite hostname="ADMINIB-LOV72NR" failures="0" tests="3" name="com.crm.qa.testcases.HomePageTest" time="71.068" errors="0" timestamp="20 Mar 2018 05:53:25 GMT">
  <testcase classname="com.crm.qa.testcases.HomePageTest" name="verifyContactsLinkTest" time="26.440"/>
  <testcase classname="com.crm.qa.testcases.HomePageTest" name="verifyUserNameTest" time="27.195"/>
  <testcase classname="com.crm.qa.testcases.HomePageTest" name="verifyHomePageTitleTest" time="17.433"/>
</testsuite> <!-- com.crm.qa.testcases.HomePageTest -->
