<?xml version="1.0" encoding="UTF-8"?>
<!-- Generated by org.testng.reporters.JUnitReportReporter -->
<testsuite hostname="ADMINIB-LOV72NR" failures="0" tests="3" name="com.crm.qa.testcases.LoginPageTest" time="51.658" errors="0" timestamp="20 Mar 2018 09:54:42 GMT">
  <testcase classname="com.crm.qa.testcases.LoginPageTest" name="logipagetitleTest" time="14.023"/>
  <testcase classname="com.crm.qa.testcases.LoginPageTest" name="crmLogoImgTest" time="17.953"/>
  <testcase classname="com.crm.qa.testcases.LoginPageTest" name="loginTest" time="19.682"/>
</testsuite> <!-- com.crm.qa.testcases.LoginPageTest -->
